[2024-10-06T04:52:23.174+0000] {processor.py:186} INFO - Started process (PID=5056) to work on /opt/airflow/dags/multiple_task.py
[2024-10-06T04:52:23.175+0000] {processor.py:914} INFO - Processing file /opt/airflow/dags/multiple_task.py for tasks to queue
[2024-10-06T04:52:23.175+0000] {logging_mixin.py:190} INFO - [2024-10-06T04:52:23.175+0000] {dagbag.py:588} INFO - Filling up the DagBag from /opt/airflow/dags/multiple_task.py
[2024-10-06T04:52:23.183+0000] {processor.py:925} INFO - DAG(s) 'multiple_tasks_farid' retrieved from /opt/airflow/dags/multiple_task.py
[2024-10-06T04:52:23.278+0000] {logging_mixin.py:190} INFO - [2024-10-06T04:52:23.276+0000] {override.py:1900} INFO - Created Permission View: can delete on DAG:multiple_tasks_farid
[2024-10-06T04:52:23.290+0000] {logging_mixin.py:190} INFO - [2024-10-06T04:52:23.290+0000] {override.py:1900} INFO - Created Permission View: can read on DAG:multiple_tasks_farid
[2024-10-06T04:52:23.298+0000] {logging_mixin.py:190} INFO - [2024-10-06T04:52:23.298+0000] {override.py:1900} INFO - Created Permission View: can edit on DAG:multiple_tasks_farid
[2024-10-06T04:52:23.312+0000] {logging_mixin.py:190} INFO - [2024-10-06T04:52:23.312+0000] {override.py:1900} INFO - Created Permission View: can create on DAG Run:multiple_tasks_farid
[2024-10-06T04:52:23.323+0000] {logging_mixin.py:190} INFO - [2024-10-06T04:52:23.323+0000] {override.py:1900} INFO - Created Permission View: can delete on DAG Run:multiple_tasks_farid
[2024-10-06T04:52:23.333+0000] {logging_mixin.py:190} INFO - [2024-10-06T04:52:23.332+0000] {override.py:1900} INFO - Created Permission View: can read on DAG Run:multiple_tasks_farid
[2024-10-06T04:52:23.341+0000] {logging_mixin.py:190} INFO - [2024-10-06T04:52:23.341+0000] {override.py:1900} INFO - Created Permission View: menu access on DAG Run:multiple_tasks_farid
[2024-10-06T04:52:23.342+0000] {logging_mixin.py:190} INFO - [2024-10-06T04:52:23.341+0000] {dag.py:3239} INFO - Sync 1 DAGs
[2024-10-06T04:52:23.353+0000] {logging_mixin.py:190} INFO - [2024-10-06T04:52:23.353+0000] {dag.py:3262} INFO - Creating ORM DAG for multiple_tasks_farid
[2024-10-06T04:52:23.362+0000] {logging_mixin.py:190} INFO - [2024-10-06T04:52:23.362+0000] {dag.py:4180} INFO - Setting next_dagrun for multiple_tasks_farid to 2024-10-06 03:00:00+00:00, run_after=2024-10-06 04:00:00+00:00
[2024-10-06T04:52:23.379+0000] {processor.py:208} INFO - Processing /opt/airflow/dags/multiple_task.py took 0.210 seconds
[2024-10-06T04:52:53.688+0000] {processor.py:186} INFO - Started process (PID=5120) to work on /opt/airflow/dags/multiple_task.py
[2024-10-06T04:52:53.689+0000] {processor.py:914} INFO - Processing file /opt/airflow/dags/multiple_task.py for tasks to queue
[2024-10-06T04:52:53.690+0000] {logging_mixin.py:190} INFO - [2024-10-06T04:52:53.689+0000] {dagbag.py:588} INFO - Filling up the DagBag from /opt/airflow/dags/multiple_task.py
[2024-10-06T04:52:53.697+0000] {processor.py:925} INFO - DAG(s) 'multiple_tasks_farid' retrieved from /opt/airflow/dags/multiple_task.py
[2024-10-06T04:52:53.711+0000] {logging_mixin.py:190} INFO - [2024-10-06T04:52:53.711+0000] {dag.py:3239} INFO - Sync 1 DAGs
[2024-10-06T04:52:53.730+0000] {logging_mixin.py:190} INFO - [2024-10-06T04:52:53.730+0000] {dag.py:4180} INFO - Setting next_dagrun for multiple_tasks_farid to 2024-10-06 03:00:00+00:00, run_after=2024-10-06 04:00:00+00:00
[2024-10-06T04:52:53.746+0000] {processor.py:208} INFO - Processing /opt/airflow/dags/multiple_task.py took 0.063 seconds
[2024-10-06T04:53:24.212+0000] {processor.py:186} INFO - Started process (PID=5184) to work on /opt/airflow/dags/multiple_task.py
[2024-10-06T04:53:24.213+0000] {processor.py:914} INFO - Processing file /opt/airflow/dags/multiple_task.py for tasks to queue
[2024-10-06T04:53:24.213+0000] {logging_mixin.py:190} INFO - [2024-10-06T04:53:24.213+0000] {dagbag.py:588} INFO - Filling up the DagBag from /opt/airflow/dags/multiple_task.py
[2024-10-06T04:53:24.221+0000] {processor.py:925} INFO - DAG(s) 'multiple_tasks_farid' retrieved from /opt/airflow/dags/multiple_task.py
[2024-10-06T04:53:24.238+0000] {logging_mixin.py:190} INFO - [2024-10-06T04:53:24.238+0000] {dag.py:3239} INFO - Sync 1 DAGs
[2024-10-06T04:53:24.259+0000] {logging_mixin.py:190} INFO - [2024-10-06T04:53:24.259+0000] {dag.py:4180} INFO - Setting next_dagrun for multiple_tasks_farid to 2024-10-06 03:00:00+00:00, run_after=2024-10-06 04:00:00+00:00
[2024-10-06T04:53:24.280+0000] {processor.py:208} INFO - Processing /opt/airflow/dags/multiple_task.py took 0.072 seconds
[2024-10-06T04:53:54.553+0000] {processor.py:186} INFO - Started process (PID=5248) to work on /opt/airflow/dags/multiple_task.py
[2024-10-06T04:53:54.554+0000] {processor.py:914} INFO - Processing file /opt/airflow/dags/multiple_task.py for tasks to queue
[2024-10-06T04:53:54.555+0000] {logging_mixin.py:190} INFO - [2024-10-06T04:53:54.554+0000] {dagbag.py:588} INFO - Filling up the DagBag from /opt/airflow/dags/multiple_task.py
[2024-10-06T04:53:54.562+0000] {processor.py:925} INFO - DAG(s) 'multiple_tasks_farid' retrieved from /opt/airflow/dags/multiple_task.py
[2024-10-06T04:53:54.578+0000] {logging_mixin.py:190} INFO - [2024-10-06T04:53:54.578+0000] {dag.py:3239} INFO - Sync 1 DAGs
[2024-10-06T04:53:54.597+0000] {logging_mixin.py:190} INFO - [2024-10-06T04:53:54.597+0000] {dag.py:4180} INFO - Setting next_dagrun for multiple_tasks_farid to 2024-10-06 03:00:00+00:00, run_after=2024-10-06 04:00:00+00:00
[2024-10-06T04:53:54.616+0000] {processor.py:208} INFO - Processing /opt/airflow/dags/multiple_task.py took 0.067 seconds
[2024-10-06T04:54:24.878+0000] {processor.py:186} INFO - Started process (PID=5312) to work on /opt/airflow/dags/multiple_task.py
[2024-10-06T04:54:24.879+0000] {processor.py:914} INFO - Processing file /opt/airflow/dags/multiple_task.py for tasks to queue
[2024-10-06T04:54:24.880+0000] {logging_mixin.py:190} INFO - [2024-10-06T04:54:24.880+0000] {dagbag.py:588} INFO - Filling up the DagBag from /opt/airflow/dags/multiple_task.py
[2024-10-06T04:54:24.888+0000] {processor.py:925} INFO - DAG(s) 'multiple_tasks_farid' retrieved from /opt/airflow/dags/multiple_task.py
[2024-10-06T04:54:24.903+0000] {logging_mixin.py:190} INFO - [2024-10-06T04:54:24.903+0000] {dag.py:3239} INFO - Sync 1 DAGs
[2024-10-06T04:54:24.923+0000] {logging_mixin.py:190} INFO - [2024-10-06T04:54:24.923+0000] {dag.py:4180} INFO - Setting next_dagrun for multiple_tasks_farid to 2024-10-06 03:00:00+00:00, run_after=2024-10-06 04:00:00+00:00
[2024-10-06T04:54:24.940+0000] {processor.py:208} INFO - Processing /opt/airflow/dags/multiple_task.py took 0.066 seconds
[2024-10-06T04:54:55.304+0000] {processor.py:186} INFO - Started process (PID=5376) to work on /opt/airflow/dags/multiple_task.py
[2024-10-06T04:54:55.305+0000] {processor.py:914} INFO - Processing file /opt/airflow/dags/multiple_task.py for tasks to queue
[2024-10-06T04:54:55.306+0000] {logging_mixin.py:190} INFO - [2024-10-06T04:54:55.305+0000] {dagbag.py:588} INFO - Filling up the DagBag from /opt/airflow/dags/multiple_task.py
[2024-10-06T04:54:55.315+0000] {processor.py:925} INFO - DAG(s) 'multiple_tasks_farid' retrieved from /opt/airflow/dags/multiple_task.py
[2024-10-06T04:54:55.332+0000] {logging_mixin.py:190} INFO - [2024-10-06T04:54:55.331+0000] {dag.py:3239} INFO - Sync 1 DAGs
[2024-10-06T04:54:55.352+0000] {logging_mixin.py:190} INFO - [2024-10-06T04:54:55.352+0000] {dag.py:4180} INFO - Setting next_dagrun for multiple_tasks_farid to 2024-10-06 03:00:00+00:00, run_after=2024-10-06 04:00:00+00:00
[2024-10-06T04:54:55.373+0000] {processor.py:208} INFO - Processing /opt/airflow/dags/multiple_task.py took 0.073 seconds
[2024-10-06T04:55:25.850+0000] {processor.py:186} INFO - Started process (PID=5440) to work on /opt/airflow/dags/multiple_task.py
[2024-10-06T04:55:25.850+0000] {processor.py:914} INFO - Processing file /opt/airflow/dags/multiple_task.py for tasks to queue
[2024-10-06T04:55:25.851+0000] {logging_mixin.py:190} INFO - [2024-10-06T04:55:25.851+0000] {dagbag.py:588} INFO - Filling up the DagBag from /opt/airflow/dags/multiple_task.py
[2024-10-06T04:55:25.859+0000] {processor.py:925} INFO - DAG(s) 'multiple_tasks_farid' retrieved from /opt/airflow/dags/multiple_task.py
[2024-10-06T04:55:25.874+0000] {logging_mixin.py:190} INFO - [2024-10-06T04:55:25.874+0000] {dag.py:3239} INFO - Sync 1 DAGs
[2024-10-06T04:55:25.894+0000] {logging_mixin.py:190} INFO - [2024-10-06T04:55:25.894+0000] {dag.py:4180} INFO - Setting next_dagrun for multiple_tasks_farid to 2024-10-06 03:00:00+00:00, run_after=2024-10-06 04:00:00+00:00
[2024-10-06T04:55:25.912+0000] {processor.py:208} INFO - Processing /opt/airflow/dags/multiple_task.py took 0.067 seconds
[2024-10-06T04:55:56.059+0000] {processor.py:186} INFO - Started process (PID=5504) to work on /opt/airflow/dags/multiple_task.py
[2024-10-06T04:55:56.059+0000] {processor.py:914} INFO - Processing file /opt/airflow/dags/multiple_task.py for tasks to queue
[2024-10-06T04:55:56.060+0000] {logging_mixin.py:190} INFO - [2024-10-06T04:55:56.060+0000] {dagbag.py:588} INFO - Filling up the DagBag from /opt/airflow/dags/multiple_task.py
[2024-10-06T04:55:56.068+0000] {processor.py:925} INFO - DAG(s) 'multiple_tasks_farid' retrieved from /opt/airflow/dags/multiple_task.py
[2024-10-06T04:55:56.082+0000] {logging_mixin.py:190} INFO - [2024-10-06T04:55:56.082+0000] {dag.py:3239} INFO - Sync 1 DAGs
[2024-10-06T04:55:56.101+0000] {logging_mixin.py:190} INFO - [2024-10-06T04:55:56.101+0000] {dag.py:4180} INFO - Setting next_dagrun for multiple_tasks_farid to 2024-10-06 03:00:00+00:00, run_after=2024-10-06 04:00:00+00:00
[2024-10-06T04:55:56.119+0000] {processor.py:208} INFO - Processing /opt/airflow/dags/multiple_task.py took 0.065 seconds
[2024-10-06T04:56:26.420+0000] {processor.py:186} INFO - Started process (PID=5568) to work on /opt/airflow/dags/multiple_task.py
[2024-10-06T04:56:26.421+0000] {processor.py:914} INFO - Processing file /opt/airflow/dags/multiple_task.py for tasks to queue
[2024-10-06T04:56:26.422+0000] {logging_mixin.py:190} INFO - [2024-10-06T04:56:26.422+0000] {dagbag.py:588} INFO - Filling up the DagBag from /opt/airflow/dags/multiple_task.py
[2024-10-06T04:56:26.430+0000] {processor.py:925} INFO - DAG(s) 'multiple_tasks_farid' retrieved from /opt/airflow/dags/multiple_task.py
[2024-10-06T04:56:26.446+0000] {logging_mixin.py:190} INFO - [2024-10-06T04:56:26.446+0000] {dag.py:3239} INFO - Sync 1 DAGs
[2024-10-06T04:56:26.466+0000] {logging_mixin.py:190} INFO - [2024-10-06T04:56:26.466+0000] {dag.py:4180} INFO - Setting next_dagrun for multiple_tasks_farid to 2024-10-06 03:00:00+00:00, run_after=2024-10-06 04:00:00+00:00
[2024-10-06T04:56:26.484+0000] {processor.py:208} INFO - Processing /opt/airflow/dags/multiple_task.py took 0.068 seconds
[2024-10-06T04:56:56.708+0000] {processor.py:186} INFO - Started process (PID=5633) to work on /opt/airflow/dags/multiple_task.py
[2024-10-06T04:56:56.708+0000] {processor.py:914} INFO - Processing file /opt/airflow/dags/multiple_task.py for tasks to queue
[2024-10-06T04:56:56.709+0000] {logging_mixin.py:190} INFO - [2024-10-06T04:56:56.709+0000] {dagbag.py:588} INFO - Filling up the DagBag from /opt/airflow/dags/multiple_task.py
[2024-10-06T04:56:56.717+0000] {processor.py:925} INFO - DAG(s) 'multiple_tasks_farid' retrieved from /opt/airflow/dags/multiple_task.py
[2024-10-06T04:56:56.737+0000] {logging_mixin.py:190} INFO - [2024-10-06T04:56:56.736+0000] {dag.py:3239} INFO - Sync 1 DAGs
[2024-10-06T04:56:56.757+0000] {logging_mixin.py:190} INFO - [2024-10-06T04:56:56.756+0000] {dag.py:4180} INFO - Setting next_dagrun for multiple_tasks_farid to 2024-10-06 03:00:00+00:00, run_after=2024-10-06 04:00:00+00:00
[2024-10-06T04:56:56.784+0000] {processor.py:208} INFO - Processing /opt/airflow/dags/multiple_task.py took 0.081 seconds
[2024-10-06T04:57:27.007+0000] {processor.py:186} INFO - Started process (PID=5697) to work on /opt/airflow/dags/multiple_task.py
[2024-10-06T04:57:27.008+0000] {processor.py:914} INFO - Processing file /opt/airflow/dags/multiple_task.py for tasks to queue
[2024-10-06T04:57:27.009+0000] {logging_mixin.py:190} INFO - [2024-10-06T04:57:27.008+0000] {dagbag.py:588} INFO - Filling up the DagBag from /opt/airflow/dags/multiple_task.py
[2024-10-06T04:57:27.020+0000] {processor.py:925} INFO - DAG(s) 'multiple_tasks_farid' retrieved from /opt/airflow/dags/multiple_task.py
[2024-10-06T04:57:27.039+0000] {logging_mixin.py:190} INFO - [2024-10-06T04:57:27.038+0000] {dag.py:3239} INFO - Sync 1 DAGs
[2024-10-06T04:57:27.065+0000] {logging_mixin.py:190} INFO - [2024-10-06T04:57:27.065+0000] {dag.py:4180} INFO - Setting next_dagrun for multiple_tasks_farid to 2024-10-06 03:00:00+00:00, run_after=2024-10-06 04:00:00+00:00
[2024-10-06T04:57:27.094+0000] {processor.py:208} INFO - Processing /opt/airflow/dags/multiple_task.py took 0.094 seconds
